[11-Jun-2025 06:29:12 Europe/Berlin] DEBUG - get-comments.php: Datos recibidos - ID_Articulo: 1
[11-Jun-2025 06:29:12 Europe/Berlin] DEBUG - get-comments.php: Datos completos: Array
(
    [ID_Articulo] => 1
)

[11-Jun-2025 06:29:12 Europe/Berlin] DEBUG - get-comments.php: Conexión exitosa
[11-Jun-2025 06:29:12 Europe/Berlin] DEBUG - get-comments.php: Tabla Comentario no existe
[11-Jun-2025 06:29:12 Europe/Berlin] DEBUG - get-comments.php: Error: La tabla Comentario no existe en la base de datos
[11-Jun-2025 06:36:17 Europe/Berlin] DEBUG - get-comments.php: Datos recibidos - ID_Articulo: 1
[11-Jun-2025 06:36:17 Europe/Berlin] DEBUG - get-comments.php: Datos completos: Array
(
    [ID_Articulo] => 1
)

[11-Jun-2025 06:36:17 Europe/Berlin] DEBUG - get-comments.php: Conexión exitosa
[11-Jun-2025 06:36:17 Europe/Berlin] DEBUG - get-comments.php: Error: Unknown column 'u.Foto_Perfil' in 'field list'
[11-Jun-2025 06:43:42 Europe/Berlin] DEBUG - get-comments.php: Datos recibidos - ID_Articulo: 1
[11-Jun-2025 06:43:42 Europe/Berlin] DEBUG - get-comments.php: Datos completos: Array
(
    [ID_Articulo] => 1
)

[11-Jun-2025 06:43:42 Europe/Berlin] DEBUG - get-comments.php: Conexión exitosa
[11-Jun-2025 06:43:42 Europe/Berlin] DEBUG - get-comments.php: Error: Unknown column 'u.Foto_Perfil' in 'field list'
[11-Jun-2025 06:43:44 Europe/Berlin] DEBUG - get-comments.php: Datos recibidos - ID_Articulo: 1
[11-Jun-2025 06:43:44 Europe/Berlin] DEBUG - get-comments.php: Datos completos: Array
(
    [ID_Articulo] => 1
)

[11-Jun-2025 06:43:44 Europe/Berlin] DEBUG - get-comments.php: Conexión exitosa
[11-Jun-2025 06:43:44 Europe/Berlin] DEBUG - get-comments.php: Error: Unknown column 'u.Foto_Perfil' in 'field list'
[11-Jun-2025 06:43:46 Europe/Berlin] DEBUG - get-comments.php: Datos recibidos - ID_Articulo: 1
[11-Jun-2025 06:43:46 Europe/Berlin] DEBUG - get-comments.php: Datos completos: Array
(
    [ID_Articulo] => 1
)

[11-Jun-2025 06:43:47 Europe/Berlin] DEBUG - get-comments.php: Conexión exitosa
[11-Jun-2025 06:43:47 Europe/Berlin] DEBUG - get-comments.php: Error: Unknown column 'u.Foto_Perfil' in 'field list'
[11-Jun-2025 06:43:47 Europe/Berlin] DEBUG - get-comments.php: Datos recibidos - ID_Articulo: 1
[11-Jun-2025 06:43:47 Europe/Berlin] DEBUG - get-comments.php: Datos completos: Array
(
    [ID_Articulo] => 1
)

[11-Jun-2025 06:43:47 Europe/Berlin] DEBUG - get-comments.php: Conexión exitosa
[11-Jun-2025 06:43:47 Europe/Berlin] DEBUG - get-comments.php: Error: Unknown column 'u.Foto_Perfil' in 'field list'
[11-Jun-2025 06:43:47 Europe/Berlin] DEBUG - get-comments.php: Datos recibidos - ID_Articulo: 1
[11-Jun-2025 06:43:47 Europe/Berlin] DEBUG - get-comments.php: Datos completos: Array
(
    [ID_Articulo] => 1
)

[11-Jun-2025 06:43:48 Europe/Berlin] DEBUG - get-comments.php: Conexión exitosa
[11-Jun-2025 06:43:48 Europe/Berlin] DEBUG - get-comments.php: Error: Unknown column 'u.Foto_Perfil' in 'field list'
[11-Jun-2025 06:47:20 Europe/Berlin] DEBUG - get-comments.php: Datos recibidos - ID_Articulo: 1
[11-Jun-2025 06:47:20 Europe/Berlin] DEBUG - get-comments.php: Datos completos: Array
(
    [ID_Articulo] => 1
)

[11-Jun-2025 06:47:20 Europe/Berlin] DEBUG - get-comments.php: Conexión exitosa
[11-Jun-2025 06:47:21 Europe/Berlin] DEBUG - get-comments.php: Bind param ID_Articulo: 1
[11-Jun-2025 06:47:21 Europe/Berlin] DEBUG - get-comments.php: Comentarios encontrados: 0
[11-Jun-2025 06:47:29 Europe/Berlin] DEBUG - get-comments.php: Datos recibidos - ID_Articulo: 1
[11-Jun-2025 06:47:29 Europe/Berlin] DEBUG - get-comments.php: Datos completos: Array
(
    [ID_Articulo] => 1
)

[11-Jun-2025 06:47:30 Europe/Berlin] DEBUG - get-comments.php: Conexión exitosa
[11-Jun-2025 06:47:30 Europe/Berlin] DEBUG - get-comments.php: Bind param ID_Articulo: 1
[11-Jun-2025 06:47:30 Europe/Berlin] DEBUG - get-comments.php: Comentarios encontrados: 0
[11-Jun-2025 06:47:30 Europe/Berlin] DEBUG - get-comments.php: Datos recibidos - ID_Articulo: 1
[11-Jun-2025 06:47:30 Europe/Berlin] DEBUG - get-comments.php: Datos completos: Array
(
    [ID_Articulo] => 1
)

[11-Jun-2025 06:47:30 Europe/Berlin] DEBUG - get-comments.php: Conexión exitosa
[11-Jun-2025 06:47:31 Europe/Berlin] DEBUG - get-comments.php: Bind param ID_Articulo: 1
[11-Jun-2025 06:47:31 Europe/Berlin] DEBUG - get-comments.php: Comentarios encontrados: 0
[11-Jun-2025 06:50:52 Europe/Berlin] DEBUG - get-comments.php: Datos recibidos - ID_Articulo: 1
[11-Jun-2025 06:50:52 Europe/Berlin] DEBUG - get-comments.php: Datos completos: Array
(
    [ID_Articulo] => 1
)

[11-Jun-2025 06:50:53 Europe/Berlin] DEBUG - get-comments.php: Conexión exitosa
[11-Jun-2025 06:50:53 Europe/Berlin] DEBUG - get-comments.php: Bind param ID_Articulo: 1
[11-Jun-2025 06:50:53 Europe/Berlin] DEBUG - get-comments.php: Comentarios encontrados: 0
[11-Jun-2025 06:51:44 Europe/Berlin] DEBUG - get-comments.php: Datos recibidos - ID_Articulo: 1
[11-Jun-2025 06:51:44 Europe/Berlin] DEBUG - get-comments.php: Datos completos: Array
(
    [ID_Articulo] => 1
)

[11-Jun-2025 06:51:45 Europe/Berlin] DEBUG - get-comments.php: Conexión exitosa
[11-Jun-2025 06:51:45 Europe/Berlin] DEBUG - get-comments.php: Bind param ID_Articulo: 1
[11-Jun-2025 06:51:45 Europe/Berlin] DEBUG - get-comments.php: Comentarios encontrados: 0
[11-Jun-2025 06:52:29 Europe/Berlin] DEBUG - get-comments.php: Datos recibidos - ID_Articulo: 1
[11-Jun-2025 06:52:29 Europe/Berlin] DEBUG - get-comments.php: Datos completos: Array
(
    [ID_Articulo] => 1
)

[11-Jun-2025 06:52:29 Europe/Berlin] DEBUG - get-comments.php: Conexión exitosa
[11-Jun-2025 06:52:29 Europe/Berlin] DEBUG - get-comments.php: Bind param ID_Articulo: 1
[11-Jun-2025 06:52:30 Europe/Berlin] DEBUG - get-comments.php: Comentarios encontrados: 0
[11-Jun-2025 06:52:30 Europe/Berlin] DEBUG - get-comments.php: Datos recibidos - ID_Articulo: 1
[11-Jun-2025 06:52:30 Europe/Berlin] DEBUG - get-comments.php: Datos completos: Array
(
    [ID_Articulo] => 1
)

[11-Jun-2025 06:52:30 Europe/Berlin] DEBUG - get-comments.php: Conexión exitosa
[11-Jun-2025 06:52:30 Europe/Berlin] DEBUG - get-comments.php: Bind param ID_Articulo: 1
[11-Jun-2025 06:52:30 Europe/Berlin] DEBUG - get-comments.php: Comentarios encontrados: 0
[11-Jun-2025 06:52:41 Europe/Berlin] DEBUG - get-comments.php: Datos recibidos - ID_Articulo: 1
[11-Jun-2025 06:52:41 Europe/Berlin] DEBUG - get-comments.php: Datos completos: Array
(
    [ID_Articulo] => 1
)

[11-Jun-2025 06:52:41 Europe/Berlin] DEBUG - get-comments.php: Conexión exitosa
[11-Jun-2025 06:52:41 Europe/Berlin] DEBUG - get-comments.php: Bind param ID_Articulo: 1
[11-Jun-2025 06:52:41 Europe/Berlin] DEBUG - get-comments.php: Comentarios encontrados: 0
[11-Jun-2025 06:52:41 Europe/Berlin] DEBUG - get-comments.php: Datos recibidos - ID_Articulo: 1
[11-Jun-2025 06:52:41 Europe/Berlin] DEBUG - get-comments.php: Datos completos: Array
(
    [ID_Articulo] => 1
)

[11-Jun-2025 06:52:42 Europe/Berlin] DEBUG - get-comments.php: Conexión exitosa
[11-Jun-2025 06:52:42 Europe/Berlin] DEBUG - get-comments.php: Bind param ID_Articulo: 1
[11-Jun-2025 06:52:42 Europe/Berlin] DEBUG - get-comments.php: Comentarios encontrados: 0
[11-Jun-2025 06:57:23 Europe/Berlin] DEBUG - get-comments.php: Datos recibidos - ID_Articulo: 1
[11-Jun-2025 06:57:23 Europe/Berlin] DEBUG - get-comments.php: Datos completos: Array
(
    [ID_Articulo] => 1
)

[11-Jun-2025 06:57:25 Europe/Berlin] DEBUG - get-comments.php: Conexión exitosa
[11-Jun-2025 06:57:25 Europe/Berlin] DEBUG - get-comments.php: Bind param ID_Articulo: 1
[11-Jun-2025 06:57:25 Europe/Berlin] DEBUG - get-comments.php: Comentarios encontrados: 0
[11-Jun-2025 06:57:25 Europe/Berlin] DEBUG - get-comments.php: Datos recibidos - ID_Articulo: 1
[11-Jun-2025 06:57:25 Europe/Berlin] DEBUG - get-comments.php: Datos completos: Array
(
    [ID_Articulo] => 1
)

[11-Jun-2025 06:57:26 Europe/Berlin] DEBUG - get-comments.php: Conexión exitosa
[11-Jun-2025 06:57:27 Europe/Berlin] DEBUG - get-comments.php: Bind param ID_Articulo: 1
[11-Jun-2025 06:57:27 Europe/Berlin] DEBUG - get-comments.php: Comentarios encontrados: 0
[11-Jun-2025 06:57:36 Europe/Berlin] DEBUG - get-comments.php: Datos recibidos - ID_Articulo: 1
[11-Jun-2025 06:57:36 Europe/Berlin] DEBUG - get-comments.php: Datos completos: Array
(
    [ID_Articulo] => 1
)

[11-Jun-2025 06:57:37 Europe/Berlin] DEBUG - get-comments.php: Conexión exitosa
[11-Jun-2025 06:57:37 Europe/Berlin] DEBUG - get-comments.php: Bind param ID_Articulo: 1
[11-Jun-2025 06:57:37 Europe/Berlin] DEBUG - get-comments.php: Comentarios encontrados: 0
[11-Jun-2025 06:57:38 Europe/Berlin] DEBUG - get-comments.php: Datos recibidos - ID_Articulo: 1
[11-Jun-2025 06:57:38 Europe/Berlin] DEBUG - get-comments.php: Datos completos: Array
(
    [ID_Articulo] => 1
)

[11-Jun-2025 06:57:39 Europe/Berlin] DEBUG - get-comments.php: Conexión exitosa
[11-Jun-2025 06:57:39 Europe/Berlin] DEBUG - get-comments.php: Bind param ID_Articulo: 1
[11-Jun-2025 06:57:40 Europe/Berlin] DEBUG - get-comments.php: Comentarios encontrados: 0
[11-Jun-2025 06:57:54 Europe/Berlin] DEBUG - get-comments.php: Datos recibidos - ID_Articulo: 1
[11-Jun-2025 06:57:54 Europe/Berlin] DEBUG - get-comments.php: Datos completos: Array
(
    [ID_Articulo] => 1
)

[11-Jun-2025 06:57:55 Europe/Berlin] DEBUG - get-comments.php: Conexión exitosa
[11-Jun-2025 06:57:55 Europe/Berlin] DEBUG - get-comments.php: Bind param ID_Articulo: 1
[11-Jun-2025 06:57:55 Europe/Berlin] DEBUG - get-comments.php: Comentarios encontrados: 2
[11-Jun-2025 06:57:55 Europe/Berlin] DEBUG - get-comments.php: Datos recibidos - ID_Articulo: 1
[11-Jun-2025 06:57:55 Europe/Berlin] DEBUG - get-comments.php: Datos completos: Array
(
    [ID_Articulo] => 1
)

[11-Jun-2025 06:57:56 Europe/Berlin] DEBUG - get-comments.php: Conexión exitosa
[11-Jun-2025 06:57:56 Europe/Berlin] DEBUG - get-comments.php: Bind param ID_Articulo: 1
[11-Jun-2025 06:57:56 Europe/Berlin] DEBUG - get-comments.php: Comentarios encontrados: 2
[11-Jun-2025 06:57:58 Europe/Berlin] DEBUG - get-comments.php: Datos recibidos - ID_Articulo: 1
[11-Jun-2025 06:57:58 Europe/Berlin] DEBUG - get-comments.php: Datos completos: Array
(
    [ID_Articulo] => 1
)

[11-Jun-2025 06:57:58 Europe/Berlin] DEBUG - get-comments.php: Conexión exitosa
[11-Jun-2025 06:57:58 Europe/Berlin] DEBUG - get-comments.php: Bind param ID_Articulo: 1
[11-Jun-2025 06:57:59 Europe/Berlin] DEBUG - get-comments.php: Comentarios encontrados: 2
[11-Jun-2025 06:57:59 Europe/Berlin] DEBUG - get-comments.php: Datos recibidos - ID_Articulo: 1
[11-Jun-2025 06:57:59 Europe/Berlin] DEBUG - get-comments.php: Datos completos: Array
(
    [ID_Articulo] => 1
)

[11-Jun-2025 06:58:00 Europe/Berlin] DEBUG - get-comments.php: Conexión exitosa
[11-Jun-2025 06:58:00 Europe/Berlin] DEBUG - get-comments.php: Bind param ID_Articulo: 1
[11-Jun-2025 06:58:00 Europe/Berlin] DEBUG - get-comments.php: Comentarios encontrados: 2
[11-Jun-2025 06:58:03 Europe/Berlin] DEBUG - get-comments.php: Datos recibidos - ID_Articulo: 1
[11-Jun-2025 06:58:03 Europe/Berlin] DEBUG - get-comments.php: Datos completos: Array
(
    [ID_Articulo] => 1
)

[11-Jun-2025 06:58:04 Europe/Berlin] DEBUG - get-comments.php: Conexión exitosa
[11-Jun-2025 06:58:05 Europe/Berlin] DEBUG - get-comments.php: Bind param ID_Articulo: 1
[11-Jun-2025 06:58:05 Europe/Berlin] DEBUG - get-comments.php: Comentarios encontrados: 2
[11-Jun-2025 06:58:05 Europe/Berlin] DEBUG - get-comments.php: Datos recibidos - ID_Articulo: 1
[11-Jun-2025 06:58:05 Europe/Berlin] DEBUG - get-comments.php: Datos completos: Array
(
    [ID_Articulo] => 1
)

[11-Jun-2025 06:58:05 Europe/Berlin] DEBUG - get-comments.php: Conexión exitosa
[11-Jun-2025 06:58:05 Europe/Berlin] DEBUG - get-comments.php: Bind param ID_Articulo: 1
[11-Jun-2025 06:58:06 Europe/Berlin] DEBUG - get-comments.php: Comentarios encontrados: 2
[11-Jun-2025 06:58:06 Europe/Berlin] DEBUG - get-comments.php: Datos recibidos - ID_Articulo: 1
[11-Jun-2025 06:58:06 Europe/Berlin] DEBUG - get-comments.php: Datos completos: Array
(
    [ID_Articulo] => 1
)

[11-Jun-2025 06:58:06 Europe/Berlin] DEBUG - get-comments.php: Conexión exitosa
[11-Jun-2025 06:58:06 Europe/Berlin] DEBUG - get-comments.php: Bind param ID_Articulo: 1
[11-Jun-2025 06:58:07 Europe/Berlin] DEBUG - get-comments.php: Comentarios encontrados: 2
[11-Jun-2025 06:58:08 Europe/Berlin] DEBUG - get-comments.php: Datos recibidos - ID_Articulo: 1
[11-Jun-2025 06:58:08 Europe/Berlin] DEBUG - get-comments.php: Datos completos: Array
(
    [ID_Articulo] => 1
)

[11-Jun-2025 06:58:09 Europe/Berlin] DEBUG - get-comments.php: Conexión exitosa
[11-Jun-2025 06:58:09 Europe/Berlin] DEBUG - get-comments.php: Bind param ID_Articulo: 1
[11-Jun-2025 06:58:09 Europe/Berlin] DEBUG - get-comments.php: Comentarios encontrados: 2
[11-Jun-2025 06:59:56 Europe/Berlin] DEBUG - get-comments.php: Datos recibidos - ID_Articulo: 1
[11-Jun-2025 06:59:56 Europe/Berlin] DEBUG - get-comments.php: Datos completos: Array
(
    [ID_Articulo] => 1
)

[11-Jun-2025 06:59:56 Europe/Berlin] DEBUG - get-comments.php: Conexión exitosa
[11-Jun-2025 06:59:57 Europe/Berlin] DEBUG - get-comments.php: Bind param ID_Articulo: 1
[11-Jun-2025 06:59:57 Europe/Berlin] DEBUG - get-comments.php: Comentarios encontrados: 2
[11-Jun-2025 06:59:57 Europe/Berlin] DEBUG - get-comments.php: Datos recibidos - ID_Articulo: 1
[11-Jun-2025 06:59:57 Europe/Berlin] DEBUG - get-comments.php: Datos completos: Array
(
    [ID_Articulo] => 1
)

[11-Jun-2025 06:59:57 Europe/Berlin] DEBUG - get-comments.php: Conexión exitosa
[11-Jun-2025 06:59:57 Europe/Berlin] DEBUG - get-comments.php: Bind param ID_Articulo: 1
[11-Jun-2025 06:59:58 Europe/Berlin] DEBUG - get-comments.php: Comentarios encontrados: 2
[11-Jun-2025 07:00:01 Europe/Berlin] DEBUG - get-comments.php: Datos recibidos - ID_Articulo: 1
[11-Jun-2025 07:00:01 Europe/Berlin] DEBUG - get-comments.php: Datos completos: Array
(
    [ID_Articulo] => 1
)

[11-Jun-2025 07:00:01 Europe/Berlin] DEBUG - get-comments.php: Conexión exitosa
[11-Jun-2025 07:00:01 Europe/Berlin] DEBUG - get-comments.php: Bind param ID_Articulo: 1
[11-Jun-2025 07:00:01 Europe/Berlin] DEBUG - get-comments.php: Comentarios encontrados: 2
[11-Jun-2025 07:00:38 Europe/Berlin] DEBUG - get-comments.php: Datos recibidos - ID_Articulo: 1
[11-Jun-2025 07:00:38 Europe/Berlin] DEBUG - get-comments.php: Datos completos: Array
(
    [ID_Articulo] => 1
)

[11-Jun-2025 07:00:38 Europe/Berlin] DEBUG - get-comments.php: Conexión exitosa
[11-Jun-2025 07:00:38 Europe/Berlin] DEBUG - get-comments.php: Bind param ID_Articulo: 1
[11-Jun-2025 07:00:38 Europe/Berlin] DEBUG - get-comments.php: Comentarios encontrados: 2
[11-Jun-2025 07:00:38 Europe/Berlin] DEBUG - get-comments.php: Datos recibidos - ID_Articulo: 1
[11-Jun-2025 07:00:38 Europe/Berlin] DEBUG - get-comments.php: Datos completos: Array
(
    [ID_Articulo] => 1
)

[11-Jun-2025 07:00:39 Europe/Berlin] DEBUG - get-comments.php: Conexión exitosa
[11-Jun-2025 07:00:39 Europe/Berlin] DEBUG - get-comments.php: Bind param ID_Articulo: 1
[11-Jun-2025 07:00:39 Europe/Berlin] DEBUG - get-comments.php: Comentarios encontrados: 2
[11-Jun-2025 07:01:48 Europe/Berlin] DEBUG - get-comments.php: Datos recibidos - ID_Articulo: 1
[11-Jun-2025 07:01:48 Europe/Berlin] DEBUG - get-comments.php: Datos completos: Array
(
    [ID_Articulo] => 1
)

[11-Jun-2025 07:01:48 Europe/Berlin] DEBUG - get-comments.php: Conexión exitosa
[11-Jun-2025 07:01:48 Europe/Berlin] DEBUG - get-comments.php: Bind param ID_Articulo: 1
[11-Jun-2025 07:01:48 Europe/Berlin] DEBUG - get-comments.php: Comentarios encontrados: 2
[11-Jun-2025 07:01:48 Europe/Berlin] DEBUG - get-comments.php: Datos recibidos - ID_Articulo: 1
[11-Jun-2025 07:01:48 Europe/Berlin] DEBUG - get-comments.php: Datos completos: Array
(
    [ID_Articulo] => 1
)

[11-Jun-2025 07:01:49 Europe/Berlin] DEBUG - get-comments.php: Conexión exitosa
[11-Jun-2025 07:01:50 Europe/Berlin] DEBUG - get-comments.php: Bind param ID_Articulo: 1
[11-Jun-2025 07:01:50 Europe/Berlin] DEBUG - get-comments.php: Comentarios encontrados: 2
[11-Jun-2025 07:02:00 Europe/Berlin] DEBUG - get-comments.php: Datos recibidos - ID_Articulo: 1
[11-Jun-2025 07:02:00 Europe/Berlin] DEBUG - get-comments.php: Datos completos: Array
(
    [ID_Articulo] => 1
)

[11-Jun-2025 07:02:01 Europe/Berlin] DEBUG - get-comments.php: Conexión exitosa
[11-Jun-2025 07:02:01 Europe/Berlin] DEBUG - get-comments.php: Bind param ID_Articulo: 1
[11-Jun-2025 07:02:01 Europe/Berlin] DEBUG - get-comments.php: Comentarios encontrados: 2
[11-Jun-2025 07:02:01 Europe/Berlin] DEBUG - get-comments.php: Datos recibidos - ID_Articulo: 1
[11-Jun-2025 07:02:01 Europe/Berlin] DEBUG - get-comments.php: Datos completos: Array
(
    [ID_Articulo] => 1
)

[11-Jun-2025 07:02:02 Europe/Berlin] DEBUG - get-comments.php: Conexión exitosa
[11-Jun-2025 07:02:02 Europe/Berlin] DEBUG - get-comments.php: Bind param ID_Articulo: 1
[11-Jun-2025 07:02:02 Europe/Berlin] DEBUG - get-comments.php: Comentarios encontrados: 2
[11-Jun-2025 07:04:41 Europe/Berlin] DEBUG - get-comments.php: Datos recibidos - ID_Articulo: 1
[11-Jun-2025 07:04:41 Europe/Berlin] DEBUG - get-comments.php: Datos completos: Array
(
    [ID_Articulo] => 1
)

[11-Jun-2025 07:04:41 Europe/Berlin] DEBUG - get-comments.php: Conexión exitosa
[11-Jun-2025 07:04:42 Europe/Berlin] DEBUG - get-comments.php: Bind param ID_Articulo: 1
[11-Jun-2025 07:04:43 Europe/Berlin] DEBUG - get-comments.php: Comentarios encontrados: 2
[11-Jun-2025 07:04:43 Europe/Berlin] DEBUG - get-comments.php: Datos recibidos - ID_Articulo: 1
[11-Jun-2025 07:04:43 Europe/Berlin] DEBUG - get-comments.php: Datos completos: Array
(
    [ID_Articulo] => 1
)

[11-Jun-2025 07:04:43 Europe/Berlin] DEBUG - get-comments.php: Conexión exitosa
[11-Jun-2025 07:04:43 Europe/Berlin] DEBUG - get-comments.php: Bind param ID_Articulo: 1
[11-Jun-2025 07:04:43 Europe/Berlin] DEBUG - get-comments.php: Comentarios encontrados: 2
[11-Jun-2025 07:04:52 Europe/Berlin] DEBUG - get-comments.php: Datos recibidos - ID_Articulo: 1
[11-Jun-2025 07:04:52 Europe/Berlin] DEBUG - get-comments.php: Datos completos: Array
(
    [ID_Articulo] => 1
)

[11-Jun-2025 07:04:52 Europe/Berlin] DEBUG - get-comments.php: Conexión exitosa
[11-Jun-2025 07:04:53 Europe/Berlin] DEBUG - get-comments.php: Bind param ID_Articulo: 1
[11-Jun-2025 07:04:53 Europe/Berlin] DEBUG - get-comments.php: Comentarios encontrados: 2
[11-Jun-2025 07:04:53 Europe/Berlin] DEBUG - get-comments.php: Datos recibidos - ID_Articulo: 1
[11-Jun-2025 07:04:53 Europe/Berlin] DEBUG - get-comments.php: Datos completos: Array
(
    [ID_Articulo] => 1
)

[11-Jun-2025 07:04:54 Europe/Berlin] DEBUG - get-comments.php: Conexión exitosa
[11-Jun-2025 07:04:54 Europe/Berlin] DEBUG - get-comments.php: Bind param ID_Articulo: 1
[11-Jun-2025 07:04:54 Europe/Berlin] DEBUG - get-comments.php: Comentarios encontrados: 2
[11-Jun-2025 07:07:55 Europe/Berlin] DEBUG - get-comments.php: Datos recibidos - ID_Articulo: 1
[11-Jun-2025 07:07:55 Europe/Berlin] DEBUG - get-comments.php: Datos completos: Array
(
    [ID_Articulo] => 1
)

[11-Jun-2025 07:07:56 Europe/Berlin] DEBUG - get-comments.php: Conexión exitosa
[11-Jun-2025 07:07:56 Europe/Berlin] DEBUG - get-comments.php: Bind param ID_Articulo: 1
[11-Jun-2025 07:07:56 Europe/Berlin] DEBUG - get-comments.php: Comentarios encontrados: 2
[11-Jun-2025 07:07:56 Europe/Berlin] DEBUG - get-comments.php: Datos recibidos - ID_Articulo: 1
[11-Jun-2025 07:07:56 Europe/Berlin] DEBUG - get-comments.php: Datos completos: Array
(
    [ID_Articulo] => 1
)

[11-Jun-2025 07:07:56 Europe/Berlin] DEBUG - get-comments.php: Conexión exitosa
[11-Jun-2025 07:07:57 Europe/Berlin] DEBUG - get-comments.php: Bind param ID_Articulo: 1
[11-Jun-2025 07:07:57 Europe/Berlin] DEBUG - get-comments.php: Comentarios encontrados: 2
[11-Jun-2025 07:13:57 Europe/Berlin] DEBUG - get-comments.php: Datos recibidos - ID_Articulo: 1
[11-Jun-2025 07:13:57 Europe/Berlin] DEBUG - get-comments.php: Datos completos: Array
(
    [ID_Articulo] => 1
)

[11-Jun-2025 07:13:58 Europe/Berlin] DEBUG - get-comments.php: Conexión exitosa
[11-Jun-2025 07:13:58 Europe/Berlin] DEBUG - get-comments.php: Bind param ID_Articulo: 1
[11-Jun-2025 07:13:58 Europe/Berlin] DEBUG - get-comments.php: Comentarios encontrados: 2
[11-Jun-2025 07:13:58 Europe/Berlin] DEBUG - get-comments.php: Datos recibidos - ID_Articulo: 1
[11-Jun-2025 07:13:58 Europe/Berlin] DEBUG - get-comments.php: Datos completos: Array
(
    [ID_Articulo] => 1
)

[11-Jun-2025 07:13:59 Europe/Berlin] DEBUG - get-comments.php: Conexión exitosa
[11-Jun-2025 07:13:59 Europe/Berlin] DEBUG - get-comments.php: Bind param ID_Articulo: 1
[11-Jun-2025 07:13:59 Europe/Berlin] DEBUG - get-comments.php: Comentarios encontrados: 2
[11-Jun-2025 07:15:08 Europe/Berlin] DEBUG - get-comments.php: Datos recibidos - ID_Articulo: 1
[11-Jun-2025 07:15:08 Europe/Berlin] DEBUG - get-comments.php: Datos completos: Array
(
    [ID_Articulo] => 1
)

[11-Jun-2025 07:15:08 Europe/Berlin] DEBUG - get-comments.php: Conexión exitosa
[11-Jun-2025 07:15:08 Europe/Berlin] DEBUG - get-comments.php: Bind param ID_Articulo: 1
[11-Jun-2025 07:15:08 Europe/Berlin] DEBUG - get-comments.php: Comentarios encontrados: 2
[11-Jun-2025 07:15:08 Europe/Berlin] DEBUG - get-comments.php: Datos recibidos - ID_Articulo: 1
[11-Jun-2025 07:15:08 Europe/Berlin] DEBUG - get-comments.php: Datos completos: Array
(
    [ID_Articulo] => 1
)

[11-Jun-2025 07:15:09 Europe/Berlin] DEBUG - get-comments.php: Conexión exitosa
[11-Jun-2025 07:15:09 Europe/Berlin] DEBUG - get-comments.php: Bind param ID_Articulo: 1
[11-Jun-2025 07:15:09 Europe/Berlin] DEBUG - get-comments.php: Comentarios encontrados: 2
[11-Jun-2025 07:15:09 Europe/Berlin] DEBUG - get-comments.php: Datos recibidos - ID_Articulo: 1
[11-Jun-2025 07:15:09 Europe/Berlin] DEBUG - get-comments.php: Datos completos: Array
(
    [ID_Articulo] => 1
)

[11-Jun-2025 07:15:10 Europe/Berlin] DEBUG - get-comments.php: Conexión exitosa
[11-Jun-2025 07:15:10 Europe/Berlin] DEBUG - get-comments.php: Bind param ID_Articulo: 1
[11-Jun-2025 07:15:10 Europe/Berlin] DEBUG - get-comments.php: Comentarios encontrados: 2
[11-Jun-2025 07:15:11 Europe/Berlin] DEBUG - get-comments.php: Datos recibidos - ID_Articulo: 1
[11-Jun-2025 07:15:11 Europe/Berlin] DEBUG - get-comments.php: Datos completos: Array
(
    [ID_Articulo] => 1
)

[11-Jun-2025 07:15:11 Europe/Berlin] DEBUG - get-comments.php: Conexión exitosa
[11-Jun-2025 07:15:11 Europe/Berlin] DEBUG - get-comments.php: Bind param ID_Articulo: 1
[11-Jun-2025 07:15:12 Europe/Berlin] DEBUG - get-comments.php: Comentarios encontrados: 2
[11-Jun-2025 07:15:12 Europe/Berlin] DEBUG - get-comments.php: Datos recibidos - ID_Articulo: 1
[11-Jun-2025 07:15:12 Europe/Berlin] DEBUG - get-comments.php: Datos completos: Array
(
    [ID_Articulo] => 1
)

[11-Jun-2025 07:15:12 Europe/Berlin] DEBUG - get-comments.php: Conexión exitosa
[11-Jun-2025 07:15:12 Europe/Berlin] DEBUG - get-comments.php: Bind param ID_Articulo: 1
[11-Jun-2025 07:15:12 Europe/Berlin] DEBUG - get-comments.php: Comentarios encontrados: 2
[11-Jun-2025 07:15:13 Europe/Berlin] DEBUG - get-comments.php: Datos recibidos - ID_Articulo: 1
[11-Jun-2025 07:15:13 Europe/Berlin] DEBUG - get-comments.php: Datos completos: Array
(
    [ID_Articulo] => 1
)

[11-Jun-2025 07:15:13 Europe/Berlin] DEBUG - get-comments.php: Conexión exitosa
[11-Jun-2025 07:15:14 Europe/Berlin] DEBUG - get-comments.php: Bind param ID_Articulo: 1
[11-Jun-2025 07:15:14 Europe/Berlin] DEBUG - get-comments.php: Comentarios encontrados: 2
[11-Jun-2025 07:15:14 Europe/Berlin] DEBUG - get-comments.php: Datos recibidos - ID_Articulo: 1
[11-Jun-2025 07:15:14 Europe/Berlin] DEBUG - get-comments.php: Datos completos: Array
(
    [ID_Articulo] => 1
)

[11-Jun-2025 07:15:15 Europe/Berlin] DEBUG - get-comments.php: Conexión exitosa
[11-Jun-2025 07:15:15 Europe/Berlin] DEBUG - get-comments.php: Bind param ID_Articulo: 1
[11-Jun-2025 07:15:15 Europe/Berlin] DEBUG - get-comments.php: Comentarios encontrados: 2
[11-Jun-2025 07:15:19 Europe/Berlin] DEBUG - get-comments.php: Datos recibidos - ID_Articulo: 1
[11-Jun-2025 07:15:19 Europe/Berlin] DEBUG - get-comments.php: Datos completos: Array
(
    [ID_Articulo] => 1
)

[11-Jun-2025 07:15:19 Europe/Berlin] DEBUG - get-comments.php: Conexión exitosa
[11-Jun-2025 07:15:20 Europe/Berlin] DEBUG - get-comments.php: Bind param ID_Articulo: 1
[11-Jun-2025 07:15:20 Europe/Berlin] DEBUG - get-comments.php: Comentarios encontrados: 2
[11-Jun-2025 07:17:07 Europe/Berlin] DEBUG - get-comments.php: Datos recibidos - ID_Articulo: 1
[11-Jun-2025 07:17:07 Europe/Berlin] DEBUG - get-comments.php: Datos completos: Array
(
    [ID_Articulo] => 1
)

[11-Jun-2025 07:17:08 Europe/Berlin] DEBUG - get-comments.php: Conexión exitosa
[11-Jun-2025 07:17:08 Europe/Berlin] DEBUG - get-comments.php: Bind param ID_Articulo: 1
[11-Jun-2025 07:17:08 Europe/Berlin] DEBUG - get-comments.php: Comentarios encontrados: 2
[11-Jun-2025 07:17:08 Europe/Berlin] DEBUG - get-comments.php: Datos recibidos - ID_Articulo: 1
[11-Jun-2025 07:17:08 Europe/Berlin] DEBUG - get-comments.php: Datos completos: Array
(
    [ID_Articulo] => 1
)

[11-Jun-2025 07:17:08 Europe/Berlin] DEBUG - get-comments.php: Conexión exitosa
[11-Jun-2025 07:17:09 Europe/Berlin] DEBUG - get-comments.php: Bind param ID_Articulo: 1
[11-Jun-2025 07:17:09 Europe/Berlin] DEBUG - get-comments.php: Comentarios encontrados: 2
[11-Jun-2025 07:18:25 Europe/Berlin] DEBUG - get-comments.php: Datos recibidos - ID_Articulo: 1
[11-Jun-2025 07:18:25 Europe/Berlin] DEBUG - get-comments.php: Datos completos: Array
(
    [ID_Articulo] => 1
)

[11-Jun-2025 07:18:26 Europe/Berlin] DEBUG - get-comments.php: Conexión exitosa
[11-Jun-2025 07:18:26 Europe/Berlin] DEBUG - get-comments.php: Bind param ID_Articulo: 1
[11-Jun-2025 07:18:27 Europe/Berlin] DEBUG - get-comments.php: Comentarios encontrados: 2
[11-Jun-2025 07:18:29 Europe/Berlin] DEBUG - get-comments.php: Datos recibidos - ID_Articulo: 1
[11-Jun-2025 07:18:29 Europe/Berlin] DEBUG - get-comments.php: Datos completos: Array
(
    [ID_Articulo] => 1
)

[11-Jun-2025 07:18:30 Europe/Berlin] DEBUG - get-comments.php: Conexión exitosa
[11-Jun-2025 07:18:30 Europe/Berlin] DEBUG - get-comments.php: Bind param ID_Articulo: 1
[11-Jun-2025 07:18:30 Europe/Berlin] DEBUG - get-comments.php: Comentarios encontrados: 2
[11-Jun-2025 07:32:29 Europe/Berlin] DEBUG - get-comments.php: Datos recibidos - ID_Articulo: 1
[11-Jun-2025 07:32:29 Europe/Berlin] DEBUG - get-comments.php: Datos completos: Array
(
    [ID_Articulo] => 1
)

[11-Jun-2025 07:32:29 Europe/Berlin] DEBUG - get-comments.php: Conexión exitosa
[11-Jun-2025 07:32:29 Europe/Berlin] DEBUG - get-comments.php: Bind param ID_Articulo: 1
[11-Jun-2025 07:32:29 Europe/Berlin] DEBUG - get-comments.php: Comentarios encontrados: 2
[11-Jun-2025 07:32:29 Europe/Berlin] DEBUG - get-comments.php: Datos recibidos - ID_Articulo: 1
[11-Jun-2025 07:32:29 Europe/Berlin] DEBUG - get-comments.php: Datos completos: Array
(
    [ID_Articulo] => 1
)

[11-Jun-2025 07:32:30 Europe/Berlin] DEBUG - get-comments.php: Conexión exitosa
[11-Jun-2025 07:32:30 Europe/Berlin] DEBUG - get-comments.php: Bind param ID_Articulo: 1
[11-Jun-2025 07:32:30 Europe/Berlin] DEBUG - get-comments.php: Comentarios encontrados: 2
[11-Jun-2025 07:32:39 Europe/Berlin] DEBUG - get-comments.php: Datos recibidos - ID_Articulo: 1
[11-Jun-2025 07:32:39 Europe/Berlin] DEBUG - get-comments.php: Datos completos: Array
(
    [ID_Articulo] => 1
)

[11-Jun-2025 07:32:39 Europe/Berlin] DEBUG - get-comments.php: Conexión exitosa
[11-Jun-2025 07:32:40 Europe/Berlin] DEBUG - get-comments.php: Bind param ID_Articulo: 1
[11-Jun-2025 07:32:40 Europe/Berlin] DEBUG - get-comments.php: Comentarios encontrados: 2
[11-Jun-2025 07:32:40 Europe/Berlin] DEBUG - get-comments.php: Datos recibidos - ID_Articulo: 1
[11-Jun-2025 07:32:40 Europe/Berlin] DEBUG - get-comments.php: Datos completos: Array
(
    [ID_Articulo] => 1
)

[11-Jun-2025 07:32:40 Europe/Berlin] DEBUG - get-comments.php: Conexión exitosa
[11-Jun-2025 07:32:40 Europe/Berlin] DEBUG - get-comments.php: Bind param ID_Articulo: 1
[11-Jun-2025 07:32:41 Europe/Berlin] DEBUG - get-comments.php: Comentarios encontrados: 2
[11-Jun-2025 07:32:42 Europe/Berlin] DEBUG - get-comments.php: Datos recibidos - ID_Articulo: 1
[11-Jun-2025 07:32:42 Europe/Berlin] DEBUG - get-comments.php: Datos completos: Array
(
    [ID_Articulo] => 1
)

[11-Jun-2025 07:32:43 Europe/Berlin] DEBUG - get-comments.php: Conexión exitosa
[11-Jun-2025 07:32:43 Europe/Berlin] DEBUG - get-comments.php: Bind param ID_Articulo: 1
[11-Jun-2025 07:32:43 Europe/Berlin] DEBUG - get-comments.php: Comentarios encontrados: 2
[11-Jun-2025 07:32:49 Europe/Berlin] DEBUG - get-comments.php: Datos recibidos - ID_Articulo: 1
[11-Jun-2025 07:32:49 Europe/Berlin] DEBUG - get-comments.php: Datos completos: Array
(
    [ID_Articulo] => 1
)

[11-Jun-2025 07:32:49 Europe/Berlin] DEBUG - get-comments.php: Conexión exitosa
[11-Jun-2025 07:32:50 Europe/Berlin] DEBUG - get-comments.php: Bind param ID_Articulo: 1
[11-Jun-2025 07:32:50 Europe/Berlin] DEBUG - get-comments.php: Comentarios encontrados: 2
[11-Jun-2025 07:32:52 Europe/Berlin] DEBUG - get-comments.php: Datos recibidos - ID_Articulo: 1
[11-Jun-2025 07:32:52 Europe/Berlin] DEBUG - get-comments.php: Datos completos: Array
(
    [ID_Articulo] => 1
)

[11-Jun-2025 07:32:52 Europe/Berlin] DEBUG - get-comments.php: Conexión exitosa
[11-Jun-2025 07:32:52 Europe/Berlin] DEBUG - get-comments.php: Bind param ID_Articulo: 1
[11-Jun-2025 07:32:52 Europe/Berlin] DEBUG - get-comments.php: Comentarios encontrados: 2
[11-Jun-2025 08:05:48 Europe/Berlin] DEBUG - get-comments.php: Datos recibidos - ID_Articulo: 1
[11-Jun-2025 08:05:48 Europe/Berlin] DEBUG - get-comments.php: Datos completos: Array
(
    [ID_Articulo] => 1
)

[11-Jun-2025 08:05:49 Europe/Berlin] DEBUG - get-comments.php: Conexión exitosa
[11-Jun-2025 08:05:49 Europe/Berlin] DEBUG - get-comments.php: Bind param ID_Articulo: 1
[11-Jun-2025 08:05:49 Europe/Berlin] DEBUG - get-comments.php: Comentarios encontrados: 2
[11-Jun-2025 08:05:49 Europe/Berlin] DEBUG - get-comments.php: Datos recibidos - ID_Articulo: 1
[11-Jun-2025 08:05:49 Europe/Berlin] DEBUG - get-comments.php: Datos completos: Array
(
    [ID_Articulo] => 1
)

[11-Jun-2025 08:05:49 Europe/Berlin] DEBUG - get-comments.php: Conexión exitosa
[11-Jun-2025 08:05:50 Europe/Berlin] DEBUG - get-comments.php: Bind param ID_Articulo: 1
[11-Jun-2025 08:05:50 Europe/Berlin] DEBUG - get-comments.php: Comentarios encontrados: 2
[11-Jun-2025 08:05:50 Europe/Berlin] DEBUG - get-comments.php: Datos recibidos - ID_Articulo: 1
[11-Jun-2025 08:05:50 Europe/Berlin] DEBUG - get-comments.php: Datos completos: Array
(
    [ID_Articulo] => 1
)

[11-Jun-2025 08:05:50 Europe/Berlin] DEBUG - get-comments.php: Conexión exitosa
[11-Jun-2025 08:05:51 Europe/Berlin] DEBUG - get-comments.php: Bind param ID_Articulo: 1
[11-Jun-2025 08:05:51 Europe/Berlin] DEBUG - get-comments.php: Comentarios encontrados: 2
[11-Jun-2025 08:05:51 Europe/Berlin] DEBUG - get-comments.php: Datos recibidos - ID_Articulo: 1
[11-Jun-2025 08:05:51 Europe/Berlin] DEBUG - get-comments.php: Datos completos: Array
(
    [ID_Articulo] => 1
)

[11-Jun-2025 08:05:51 Europe/Berlin] DEBUG - get-comments.php: Conexión exitosa
[11-Jun-2025 08:05:52 Europe/Berlin] DEBUG - get-comments.php: Bind param ID_Articulo: 1
[11-Jun-2025 08:05:52 Europe/Berlin] DEBUG - get-comments.php: Comentarios encontrados: 2
[11-Jun-2025 08:05:52 Europe/Berlin] DEBUG - get-comments.php: Datos recibidos - ID_Articulo: 1
[11-Jun-2025 08:05:52 Europe/Berlin] DEBUG - get-comments.php: Datos completos: Array
(
    [ID_Articulo] => 1
)

[11-Jun-2025 08:05:53 Europe/Berlin] DEBUG - get-comments.php: Conexión exitosa
[11-Jun-2025 08:05:53 Europe/Berlin] DEBUG - get-comments.php: Bind param ID_Articulo: 1
[11-Jun-2025 08:05:53 Europe/Berlin] DEBUG - get-comments.php: Comentarios encontrados: 2
[11-Jun-2025 08:07:28 Europe/Berlin] DEBUG - get-comments.php: Datos recibidos - ID_Articulo: 1
[11-Jun-2025 08:07:28 Europe/Berlin] DEBUG - get-comments.php: Datos completos: Array
(
    [ID_Articulo] => 1
)

[11-Jun-2025 08:07:28 Europe/Berlin] DEBUG - get-comments.php: Conexión exitosa
[11-Jun-2025 08:07:28 Europe/Berlin] DEBUG - get-comments.php: Bind param ID_Articulo: 1
[11-Jun-2025 08:07:28 Europe/Berlin] DEBUG - get-comments.php: Comentarios encontrados: 2
[11-Jun-2025 08:07:30 Europe/Berlin] DEBUG - get-comments.php: Datos recibidos - ID_Articulo: 1
[11-Jun-2025 08:07:30 Europe/Berlin] DEBUG - get-comments.php: Datos completos: Array
(
    [ID_Articulo] => 1
)

[11-Jun-2025 08:07:31 Europe/Berlin] DEBUG - get-comments.php: Conexión exitosa
[11-Jun-2025 08:07:31 Europe/Berlin] DEBUG - get-comments.php: Bind param ID_Articulo: 1
[11-Jun-2025 08:07:31 Europe/Berlin] DEBUG - get-comments.php: Comentarios encontrados: 2
[11-Jun-2025 08:08:42 Europe/Berlin] DEBUG - get-comments.php: Datos recibidos - ID_Articulo: 1
[11-Jun-2025 08:08:42 Europe/Berlin] DEBUG - get-comments.php: Datos completos: Array
(
    [ID_Articulo] => 1
)

[11-Jun-2025 08:08:42 Europe/Berlin] DEBUG - get-comments.php: Conexión exitosa
[11-Jun-2025 08:08:42 Europe/Berlin] DEBUG - get-comments.php: Bind param ID_Articulo: 1
[11-Jun-2025 08:08:42 Europe/Berlin] DEBUG - get-comments.php: Comentarios encontrados: 2
[11-Jun-2025 08:08:42 Europe/Berlin] DEBUG - get-comments.php: Datos recibidos - ID_Articulo: 1
[11-Jun-2025 08:08:42 Europe/Berlin] DEBUG - get-comments.php: Datos completos: Array
(
    [ID_Articulo] => 1
)

[11-Jun-2025 08:08:43 Europe/Berlin] DEBUG - get-comments.php: Conexión exitosa
[11-Jun-2025 08:08:43 Europe/Berlin] DEBUG - get-comments.php: Bind param ID_Articulo: 1
[11-Jun-2025 08:08:43 Europe/Berlin] DEBUG - get-comments.php: Comentarios encontrados: 2
[11-Jun-2025 08:09:59 Europe/Berlin] DEBUG - get-comments.php: Datos recibidos - ID_Articulo: 1
[11-Jun-2025 08:09:59 Europe/Berlin] DEBUG - get-comments.php: Datos completos: Array
(
    [ID_Articulo] => 1
)

[11-Jun-2025 08:10:00 Europe/Berlin] DEBUG - get-comments.php: Conexión exitosa
[11-Jun-2025 08:10:00 Europe/Berlin] DEBUG - get-comments.php: Bind param ID_Articulo: 1
[11-Jun-2025 08:10:00 Europe/Berlin] DEBUG - get-comments.php: Comentarios encontrados: 2
[11-Jun-2025 08:10:02 Europe/Berlin] DEBUG - get-comments.php: Datos recibidos - ID_Articulo: 1
[11-Jun-2025 08:10:02 Europe/Berlin] DEBUG - get-comments.php: Datos completos: Array
(
    [ID_Articulo] => 1
)

[11-Jun-2025 08:10:03 Europe/Berlin] DEBUG - get-comments.php: Conexión exitosa
[11-Jun-2025 08:10:03 Europe/Berlin] DEBUG - get-comments.php: Bind param ID_Articulo: 1
[11-Jun-2025 08:10:03 Europe/Berlin] DEBUG - get-comments.php: Comentarios encontrados: 2
[11-Jun-2025 08:13:14 Europe/Berlin] DEBUG - get-comments.php: Datos recibidos - ID_Articulo: 1
[11-Jun-2025 08:13:14 Europe/Berlin] DEBUG - get-comments.php: Datos completos: Array
(
    [ID_Articulo] => 1
)

[11-Jun-2025 08:13:15 Europe/Berlin] DEBUG - get-comments.php: Conexión exitosa
[11-Jun-2025 08:13:15 Europe/Berlin] DEBUG - get-comments.php: Bind param ID_Articulo: 1
[11-Jun-2025 08:13:15 Europe/Berlin] DEBUG - get-comments.php: Comentarios encontrados: 2
[11-Jun-2025 08:13:15 Europe/Berlin] DEBUG - get-comments.php: Datos recibidos - ID_Articulo: 1
[11-Jun-2025 08:13:15 Europe/Berlin] DEBUG - get-comments.php: Datos completos: Array
(
    [ID_Articulo] => 1
)

[11-Jun-2025 08:13:16 Europe/Berlin] DEBUG - get-comments.php: Conexión exitosa
[11-Jun-2025 08:13:16 Europe/Berlin] DEBUG - get-comments.php: Bind param ID_Articulo: 1
[11-Jun-2025 08:13:16 Europe/Berlin] DEBUG - get-comments.php: Comentarios encontrados: 2
[11-Jun-2025 08:13:24 Europe/Berlin] DEBUG - get-comments.php: Datos recibidos - ID_Articulo: 1
[11-Jun-2025 08:13:24 Europe/Berlin] DEBUG - get-comments.php: Datos completos: Array
(
    [ID_Articulo] => 1
)

[11-Jun-2025 08:13:25 Europe/Berlin] DEBUG - get-comments.php: Conexión exitosa
[11-Jun-2025 08:13:25 Europe/Berlin] DEBUG - get-comments.php: Bind param ID_Articulo: 1
[11-Jun-2025 08:13:25 Europe/Berlin] DEBUG - get-comments.php: Comentarios encontrados: 2
[11-Jun-2025 08:13:25 Europe/Berlin] DEBUG - get-comments.php: Datos recibidos - ID_Articulo: 1
[11-Jun-2025 08:13:25 Europe/Berlin] DEBUG - get-comments.php: Datos completos: Array
(
    [ID_Articulo] => 1
)

[11-Jun-2025 08:13:26 Europe/Berlin] DEBUG - get-comments.php: Conexión exitosa
[11-Jun-2025 08:13:26 Europe/Berlin] DEBUG - get-comments.php: Bind param ID_Articulo: 1
[11-Jun-2025 08:13:27 Europe/Berlin] DEBUG - get-comments.php: Comentarios encontrados: 2
[11-Jun-2025 08:13:39 Europe/Berlin] DEBUG - get-comments.php: Datos recibidos - ID_Articulo: 1
[11-Jun-2025 08:13:39 Europe/Berlin] DEBUG - get-comments.php: Datos completos: Array
(
    [ID_Articulo] => 1
)

[11-Jun-2025 08:13:40 Europe/Berlin] DEBUG - get-comments.php: Conexión exitosa
[11-Jun-2025 08:13:40 Europe/Berlin] DEBUG - get-comments.php: Bind param ID_Articulo: 1
[11-Jun-2025 08:13:40 Europe/Berlin] DEBUG - get-comments.php: Comentarios encontrados: 2
[11-Jun-2025 08:13:40 Europe/Berlin] DEBUG - get-comments.php: Datos recibidos - ID_Articulo: 1
[11-Jun-2025 08:13:40 Europe/Berlin] DEBUG - get-comments.php: Datos completos: Array
(
    [ID_Articulo] => 1
)

[11-Jun-2025 08:13:41 Europe/Berlin] DEBUG - get-comments.php: Conexión exitosa
[11-Jun-2025 08:13:41 Europe/Berlin] DEBUG - get-comments.php: Bind param ID_Articulo: 1
[11-Jun-2025 08:13:41 Europe/Berlin] DEBUG - get-comments.php: Comentarios encontrados: 2
[11-Jun-2025 15:36:09 Europe/Berlin] DEBUG - get-comments.php: Datos recibidos - ID_Articulo: 1
[11-Jun-2025 15:36:09 Europe/Berlin] DEBUG - get-comments.php: Datos completos: Array
(
    [ID_Articulo] => 1
)

[11-Jun-2025 15:36:10 Europe/Berlin] DEBUG - get-comments.php: Conexión exitosa
[11-Jun-2025 15:36:10 Europe/Berlin] DEBUG - get-comments.php: Bind param ID_Articulo: 1
[11-Jun-2025 15:36:10 Europe/Berlin] DEBUG - get-comments.php: Comentarios encontrados: 2
[11-Jun-2025 15:36:10 Europe/Berlin] DEBUG - get-comments.php: Datos recibidos - ID_Articulo: 1
[11-Jun-2025 15:36:10 Europe/Berlin] DEBUG - get-comments.php: Datos completos: Array
(
    [ID_Articulo] => 1
)

[11-Jun-2025 15:36:10 Europe/Berlin] DEBUG - get-comments.php: Conexión exitosa
[11-Jun-2025 15:36:10 Europe/Berlin] DEBUG - get-comments.php: Bind param ID_Articulo: 1
[11-Jun-2025 15:36:11 Europe/Berlin] DEBUG - get-comments.php: Comentarios encontrados: 2
