DEBUG: Botón de ingreso presionado
DEBUG: Correo recibido: rvuelvas@ucol.mx
DEBUG: Contraseña recibida: Prodcor2014
DEBUG: Clase Contacto cargada
DEBUG: Objeto Contacto creado
Iniciando sesión: 2025-05-30 06:44:37
DEBUG: Iniciando proceso de login
DEBUG: Error message: Credenciales incorrectas
DEBUG: Success message: 
DEBUG: Botón de ingreso presionado
DEBUG: Correo recibido: rvuelvas@ucol.mx
DEBUG: Contraseña recibida: Prodcor2014
DEBUG: Clase Contacto cargada
DEBUG: Objeto Contacto creado
Iniciando sesión: 2025-05-30 06:46:47
DEBUG: Iniciando proceso de login
DEBUG: Error message: Credenciales incorrectas
DEBUG: Success message: 
Iniciando sesión: 2025-05-30 06:47:12
DEBUG: Iniciando proceso de login
DEBUG: Error message: Credenciales incorrectas
DEBUG: Success message: 
DEBUG: Botón de ingreso presionado
DEBUG: Correo recibido: rvuelvas@ucol.mx
DEBUG: Contraseña recibida: Prodcor2014
DEBUG: Clase Contacto cargada
DEBUG: Objeto Contacto creado
Iniciando sesión: 2025-05-30 06:47:19
DEBUG: Iniciando proceso de login
DEBUG: Error message: Credenciales incorrectas
DEBUG: Success message: 
Iniciando sesión: 2025-05-30 06:48:29
DEBUG: Iniciando proceso de login
DEBUG: Error message: Credenciales incorrectas
DEBUG: Success message: 
--- Nuevo Log de Sesión: 2025-05-30 06:50:34 ---
DEBUG: Botón de ingreso presionado
DEBUG: Correo recibido: xcobian@ucol.mx
DEBUG: Contraseña recibida: anabeli05
DEBUG: Clase Contacto cargada
DEBUG: Objeto Contacto creado
--- Nuevo Log de Sesión: 2025-05-30 06:50:35 ---
DEBUG: Iniciando proceso de login
DEBUG: Error message: Credenciales incorrectas
DEBUG: Success message: 
--- Nuevo Log de Sesión: 2025-05-30 06:50:41 ---
DEBUG: Botón de ingreso presionado
DEBUG: Correo recibido: rvuelvas@ucol.mx
DEBUG: Contraseña recibida: Prodcor2014
DEBUG: Clase Contacto cargada
DEBUG: Objeto Contacto creado
--- Nuevo Log de Sesión: 2025-05-30 06:50:42 ---
DEBUG: Iniciando proceso de login
DEBUG: Error message: Credenciales incorrectas
DEBUG: Success message: 
--- Nuevo Log de Sesión: 2025-05-30 06:52:31 ---
DEBUG: Botón de ingreso presionado
DEBUG: Correo recibido: xcobian@ucol.mx
DEBUG: Contraseña recibida: anabeli05
DEBUG: Clase Contacto cargada
DEBUG: Objeto Contacto creado
--- Nuevo Log de Sesión: 2025-05-30 06:52:32 ---
DEBUG: Iniciando proceso de login
DEBUG: Error message: Credenciales incorrectas
DEBUG: Success message: 
--- Nuevo Log de Sesión: 2025-05-30 06:52:47 ---
DEBUG: Botón de ingreso presionado
DEBUG: Correo recibido: rvuelvas@ucol.mx
DEBUG: Contraseña recibida: Prodcor2014
DEBUG: Clase Contacto cargada
DEBUG: Objeto Contacto creado
--- Nuevo Log de Sesión: 2025-05-30 06:52:48 ---
DEBUG: Iniciando proceso de login
DEBUG: Error message: Credenciales incorrectas
DEBUG: Success message: 
--- Nuevo Log de Sesión: 2025-05-30 06:54:00 ---
DEBUG: Botón de ingreso presionado
DEBUG: Correo recibido: xcobian@ucol.mx
DEBUG: Contraseña recibida: anabeli05
DEBUG: Clase Contacto cargada
DEBUG: Objeto Contacto creado
--- Nuevo Log de Sesión: 2025-05-30 06:54:01 ---
DEBUG: Iniciando proceso de login
DEBUG: Error message: Credenciales incorrectas
DEBUG: Success message: 
--- Nuevo Log de Sesión: 2025-05-30 06:54:07 ---
DEBUG: Botón de ingreso presionado
DEBUG: Correo recibido: rvuelvas@ucol.mx
DEBUG: Contraseña recibida: Prodcor2014
DEBUG: Clase Contacto cargada
DEBUG: Objeto Contacto creado
--- Nuevo Log de Sesión: 2025-05-30 06:54:08 ---
DEBUG: Iniciando proceso de login
DEBUG: Error message: Credenciales incorrectas
DEBUG: Success message: 
--- Nuevo Log de Sesión: 2025-05-30 06:55:57 ---
DEBUG: Botón de ingreso presionado
DEBUG: Correo recibido: xcobian@ucol.mx
DEBUG: Contraseña recibida: anabeli05
DEBUG: Clase Contacto cargada
DEBUG: Objeto Contacto creado
DEBUG: Contraseña incorrecta para usuario: xcobian@ucol.mx
DEBUG: Redirigiendo a login con error=1
--- Nuevo Log de Sesión: 2025-05-30 06:55:57 ---
DEBUG: Iniciando proceso de login
DEBUG: Error message: Credenciales incorrectas
DEBUG: Success message: 
--- Nuevo Log de Sesión: 2025-05-30 06:56:53 ---
DEBUG: Botón de ingreso presionado
DEBUG: Correo recibido: xiomicob2005@outlook.com
DEBUG: Contraseña recibida: Prodcons12345
DEBUG: Clase Contacto cargada
DEBUG: Objeto Contacto creado
--- Nuevo Log de Sesión: 2025-05-30 06:57:29 ---
DEBUG: Iniciando proceso de login
DEBUG: Error message: Credenciales incorrectas
DEBUG: Success message: 
--- Nuevo Log de Sesión: 2025-05-30 06:57:50 ---
DEBUG: Botón de ingreso presionado
DEBUG: Correo recibido: ysierra@ucol.mx
DEBUG: Contraseña recibida: Prodcons12344
DEBUG: Clase Contacto cargada
DEBUG: Objeto Contacto creado
--- Nuevo Log de Sesión: 2025-05-30 06:57:59 ---
DEBUG: Iniciando proceso de login
DEBUG: Error message: Credenciales incorrectas
DEBUG: Success message: 
--- Nuevo Log de Sesión: 2025-05-30 07:02:44 ---
DEBUG: Iniciando proceso de login
DEBUG: Error message: Credenciales incorrectas
DEBUG: Success message: 
--- Nuevo Log de Sesión: 2025-05-30 07:02:49 ---
DEBUG: Botón de ingreso presionado
DEBUG: Correo recibido: xcobian@ucol.mx
DEBUG: Contraseña recibida: anabeli05
DEBUG: Clase Contacto cargada
DEBUG: Objeto Contacto creado
DEBUG: Contraseña incorrecta para usuario: xcobian@ucol.mx
DEBUG: Redirigiendo a login con error=1
--- Nuevo Log de Sesión: 2025-05-30 07:02:50 ---
DEBUG: Iniciando proceso de login
DEBUG: Error message: Credenciales incorrectas
DEBUG: Success message: 
--- Nuevo Log de Sesión: 2025-05-30 07:04:08 ---
DEBUG: Botón de ingreso presionado
DEBUG: Correo recibido: rvuelvas@ucol.mx
DEBUG: Contraseña recibida: Prodcor2024
DEBUG: Clase Contacto cargada
DEBUG: Objeto Contacto creado
--- Nuevo Log de Sesión: 2025-05-30 07:04:14 ---
DEBUG: Iniciando proceso de login
DEBUG: Error message: Credenciales incorrectas
DEBUG: Success message: 
--- Nuevo Log de Sesión: 2025-05-30 07:04:28 ---
DEBUG: Botón de ingreso presionado
DEBUG: Correo recibido: xcobian@ucol.mx
DEBUG: Contraseña recibida: anabeli05
DEBUG: Clase Contacto cargada
DEBUG: Objeto Contacto creado
DEBUG: Contraseña incorrecta para usuario: xcobian@ucol.mx
DEBUG: Redirigiendo a login con error=1
--- Nuevo Log de Sesión: 2025-05-30 07:04:36 ---
DEBUG: Iniciando proceso de login
DEBUG: Error message: Credenciales incorrectas
DEBUG: Success message: 
--- Nuevo Log de Sesión: 2025-05-30 07:04:52 ---
DEBUG: Botón de ingreso presionado
DEBUG: Correo recibido: xcobian@ucol.mx
DEBUG: Contraseña recibida: anabeli05
DEBUG: Clase Contacto cargada
DEBUG: Objeto Contacto creado
DEBUG: Contraseña incorrecta para usuario: xcobian@ucol.mx
DEBUG: Redirigiendo a login con error=1
--- Nuevo Log de Sesión: 2025-05-30 07:04:56 ---
DEBUG: Iniciando proceso de login
DEBUG: Error message: Credenciales incorrectas
DEBUG: Success message: 
--- Nuevo Log de Sesión: 2025-05-30 07:05:23 ---
DEBUG: Botón de ingreso presionado
DEBUG: Correo recibido: rvuelvas@ucol.mx
DEBUG: Contraseña recibida: Prodcor2024
DEBUG: Clase Contacto cargada
DEBUG: Objeto Contacto creado
--- Nuevo Log de Sesión: 2025-05-30 07:08:20 ---
DEBUG: Iniciando proceso de login
DEBUG: Error message: Credenciales incorrectas
DEBUG: Success message: 
--- Nuevo Log de Sesión: 2025-05-30 07:08:26 ---
DEBUG: Botón de ingreso presionado
DEBUG: Correo recibido: xcobian@ucol.mx
DEBUG: Contraseña recibida: anabeli05
DEBUG: Clase Contacto cargada
DEBUG: Objeto Contacto creado
--- Nuevo Log de Sesión: 2025-05-30 21:52:16 ---
DEBUG: Iniciando proceso de login
DEBUG: Error message: Credenciales incorrectas
DEBUG: Success message: 
--- Nuevo Log de Sesión: 2025-05-30 21:52:27 ---
DEBUG: Botón de ingreso presionado
DEBUG: Correo recibido: xcobian@ucol.mx
DEBUG: Contraseña recibida: anabeli05
DEBUG: Clase Contacto cargada
DEBUG: Objeto Contacto creado
--- Nuevo Log de Sesión: 2025-05-30 21:52:36 ---
DEBUG: Iniciando proceso de login
DEBUG: Error message: Credenciales incorrectas
DEBUG: Success message: 
--- Nuevo Log de Sesión: 2025-05-30 21:52:40 ---
DEBUG: Botón de ingreso presionado
DEBUG: Correo recibido: xcobian@ucol.mx
DEBUG: Contraseña recibida: anabeli05
DEBUG: Clase Contacto cargada
DEBUG: Objeto Contacto creado
--- Nuevo Log de Sesión: 2025-05-31 03:00:46 ---
DEBUG: Iniciando proceso de login
DEBUG: Error message: Credenciales incorrectas
DEBUG: Success message: 
--- Nuevo Log de Sesión: 2025-05-31 03:00:47 ---
DEBUG: Iniciando proceso de login
DEBUG: Error message: Credenciales incorrectas
DEBUG: Success message: 
--- Nuevo Log de Sesión: 2025-05-31 03:00:48 ---
DEBUG: Iniciando proceso de login
DEBUG: Error message: 
DEBUG: Success message: 
--- Nuevo Log de Sesión: 2025-05-31 17:08:24 ---
DEBUG: Iniciando proceso de login
DEBUG: Error message: 
DEBUG: Success message: 
--- Nuevo Log de Sesión: 2025-05-31 17:08:30 ---
DEBUG: Botón de ingreso presionado
DEBUG: Correo recibido: xcobian@ucol.mx
DEBUG: Contraseña recibida: Anabeli05
DEBUG: Clase Contacto cargada
DEBUG: Objeto Contacto creado
--- Nuevo Log de Sesión: 2025-05-31 17:11:17 ---
DEBUG: Iniciando proceso de login
DEBUG: Error message: 
DEBUG: Success message: 
--- Nuevo Log de Sesión: 2025-05-31 17:11:35 ---
DEBUG: Iniciando proceso de login
DEBUG: Error message: 
DEBUG: Success message: 
--- Nuevo Log de Sesión: 2025-05-31 17:12:07 ---
DEBUG: Iniciando proceso de login
DEBUG: Error message: 
DEBUG: Success message: 
--- Nuevo Log de Sesión: 2025-05-31 17:12:12 ---
DEBUG: Iniciando proceso de login
DEBUG: Error message: 
DEBUG: Success message: 
--- Nuevo Log de Sesión: 2025-05-31 17:12:59 ---
DEBUG: Iniciando proceso de login
DEBUG: Error message: 
DEBUG: Success message: 


--- Nuevo Log de Sesión: 2025-06-02 15:18:14 ---
DEBUG: Iniciando proceso de login
DEBUG: Error message: None
DEBUG: Success message: 
--- Nuevo Log de Sesión: 2025-06-02 19:52:28 ---
DEBUG: Iniciando proceso de login
DEBUG: Error message: None
--- Nuevo Log de Sesión: 2025-06-02 20:06:28 ---
DEBUG: Iniciando proceso de login
DEBUG: Error message: None
--- Nuevo Log de Sesión: 2025-06-02 20:13:59 ---
DEBUG: Iniciando proceso de login
DEBUG: Error message: None
--- Nuevo Log de Sesión: 2025-06-02 20:16:01 ---
DEBUG: Iniciando proceso de login
DEBUG: Error message: None
--- Nuevo Log de Sesión: 2025-06-02 20:19:42 ---
DEBUG: Iniciando proceso de login
DEBUG: Error message: None
--- Nuevo Log de Sesión: 2025-06-02 20:21:24 ---
DEBUG: Iniciando proceso de login
DEBUG: Error message: None
--- Nuevo Log de Sesión: 2025-06-02 20:23:15 ---
DEBUG: Iniciando proceso de login
DEBUG: Error message: None
--- Nuevo Log de Sesión: 2025-06-02 20:24:52 ---
DEBUG: Iniciando proceso de login
DEBUG: Error message: None
--- Nuevo Log de Sesión: 2025-06-02 20:27:33 ---
DEBUG: Iniciando proceso de login
DEBUG: Error message: None
--- Nuevo Log de Sesión: 2025-06-02 20:28:59 ---
DEBUG: Iniciando proceso de login
DEBUG: Error message: None
--- Nuevo Log de Sesión: 2025-06-02 20:29:19 ---
DEBUG: Botón de ingreso presionado
DEBUG: Correo recibido: ysierra@ucol.mx
DEBUG: Contraseña recibida: 12345678
DEBUG: Clase Contacto cargada
DEBUG: Objeto Contacto creado
DEBUG: Usuario no encontrado con correo: ysierra@ucol.mx
DEBUG: Redirigiendo a login con error=1
--- Nuevo Log de Sesión: 2025-06-02 20:29:20 ---
DEBUG: Iniciando proceso de login
--- Nuevo Log de Sesión: 2025-06-02 20:29:20 ---
DEBUG: Iniciando proceso de login
DEBUG: Error message: Error: Credenciales incorrectas
--- Nuevo Log de Sesión: 2025-06-03 06:56:16 ---
DEBUG: Iniciando proceso de login
DEBUG: Error message: None
--- Nuevo Log de Sesión: 2025-06-03 06:57:26 ---
DEBUG: Iniciando proceso de login
DEBUG: Error message: None
--- Nuevo Log de Sesión: 2025-06-03 07:01:37 ---
DEBUG: Iniciando proceso de login
DEBUG: Error message: None
--- Nuevo Log de Sesión: 2025-06-03 07:03:33 ---
DEBUG: Iniciando proceso de login
DEBUG: Error message: None
--- Nuevo Log de Sesión: 2025-06-03 07:04:09 ---
DEBUG: Iniciando proceso de login
DEBUG: Error message: None
--- Nuevo Log de Sesión: 2025-06-03 07:09:02 ---
DEBUG: Iniciando proceso de login
DEBUG: Error message: None
--- Nuevo Log de Sesión: 2025-06-03 07:09:19 ---
DEBUG: Iniciando proceso de login
DEBUG: Error message: None
--- Nuevo Log de Sesión: 2025-06-03 07:44:23 ---
DEBUG: Iniciando proceso de login
DEBUG: Error message: None
--- Nuevo Log de Sesión: 2025-06-03 07:44:27 ---
DEBUG: Iniciando proceso de login
DEBUG: Error message: None
--- Nuevo Log de Sesión: 2025-06-03 07:44:31 ---
DEBUG: Iniciando proceso de login
DEBUG: Error message: None
--- Nuevo Log de Sesión: 2025-06-03 07:44:45 ---
DEBUG: Iniciando proceso de login
DEBUG: Error message: None
--- Nuevo Log de Sesión: 2025-06-03 07:45:25 ---
DEBUG: Iniciando proceso de login
DEBUG: Error message: None
--- Nuevo Log de Sesión: 2025-06-03 07:45:33 ---
DEBUG: Iniciando proceso de login
DEBUG: Error message: None
--- Nuevo Log de Sesión: 2025-06-03 07:45:46 ---
DEBUG: Iniciando proceso de login
DEBUG: Error message: None
--- Nuevo Log de Sesión: 2025-06-03 07:45:50 ---
DEBUG: Iniciando proceso de login
DEBUG: Error message: None
--- Nuevo Log de Sesión: 2025-06-03 07:45:53 ---
DEBUG PHP: Script registro.php started. Error: None
--- Nuevo Log de Sesión: 2025-06-03 07:45:55 ---
DEBUG: Iniciando proceso de login
DEBUG: Error message: None
